<?xml version="1.0" encoding="UTF-8"?>
<testng-results skipped="0" failed="0" total="1" passed="1">
  <reporter-output>
  </reporter-output>
  <suite name="Suite" duration-ms="25808" started-at="2018-04-02T13:48:47Z" finished-at="2018-04-02T13:49:13Z">
    <groups>
    </groups>
    <test name="Test" duration-ms="25808" started-at="2018-04-02T13:48:47Z" finished-at="2018-04-02T13:49:13Z">
      <class name="LoginZerodha.Zerodha.ZerodhaXelpmoc">
        <test-method status="PASS" signature="Login()[pri:0, instance:LoginZerodha.Zerodha.ZerodhaXelpmoc@7ca48474]" name="Login" duration-ms="25801" started-at="2018-04-02T19:18:47Z" finished-at="2018-04-02T19:19:13Z">
          <reporter-output>
          </reporter-output>
        </test-method> <!-- Login -->
      </class> <!-- LoginZerodha.Zerodha.ZerodhaXelpmoc -->
    </test> <!-- Test -->
  </suite> <!-- Suite -->
</testng-results>
